Copyright 1986-2022 Xilinx, Inc. All Rights Reserved. Copyright 2022-2025 Advanced Micro Devices, Inc. All Rights Reserved.
---------------------------------------------------------------------------------------------------------------------------------------------
| Tool Version : Vivado v.2025.2 (win64) Build 6299465 Fri Nov 14 19:35:11 GMT 2025
| Date         : Thu Jun 25 20:18:51 2026
| Host         : GPSLAB running 64-bit major release  (build 9200)
| Command      : report_timing_summary -file D:/FPGA/greta-oto/vivado/try3/timing_summary_try3.rpt
| Design       : gnss_zynq_wrapper
| Device       : 7z020-clg400
| Speed File   : -1  PRODUCTION 1.12 2019-11-22
| Design State : Physopt postRoute
---------------------------------------------------------------------------------------------------------------------------------------------

Timing Summary Report

------------------------------------------------------------------------------------------------
| Timer Settings
| --------------
------------------------------------------------------------------------------------------------

  Enable Multi Corner Analysis               :  Yes
  Enable Pessimism Removal                   :  Yes
  Pessimism Removal Resolution               :  Nearest Common Node
  Enable Input Delay Default Clock           :  No
  Enable Preset / Clear Arcs                 :  No
  Disable Flight Delays                      :  No
  Ignore I/O Paths                           :  No
  Timing Early Launch at Borrowing Latches   :  No
  Borrow Time for Max Delay Exceptions       :  Yes
  Merge Timing Exceptions                    :  Yes
  Inter-SLR Compensation                     :  Conservative

  Corner  Analyze    Analyze    
  Name    Max Paths  Min Paths  
  ------  ---------  ---------  
  Slow    Yes        Yes        
  Fast    Yes        Yes        


------------------------------------------------------------------------------------------------
| Report Methodology
| ------------------
------------------------------------------------------------------------------------------------

Rule       Severity  Description                       Violations  
---------  --------  --------------------------------  ----------  
DPIR-1     Warning   Asynchronous driver check         240         
LUTAR-1    Warning   LUT drives async reset alert      11          
TIMING-9   Warning   Unknown CDC Logic                 1           
TIMING-10  Warning   Missing property on synchronizer  1           
TIMING-18  Warning   Missing input or output delay     8           
TIMING-20  Warning   Non-clocked latch                 9           
LATCH-1    Advisory  Existing latches in the design    1           

Note: This report is based on the most recent report_methodology run and may not be up-to-date. Run report_methodology on the current design for the latest report.



check_timing report

Table of Contents
-----------------
1. checking no_clock (41)
2. checking constant_clock (0)
3. checking pulse_width_clock (0)
4. checking unconstrained_internal_endpoints (9)
5. checking no_input_delay (1)
6. checking no_output_delay (3)
7. checking multiple_clock (0)
8. checking generated_clocks (0)
9. checking loops (0)
10. checking partial_input_delay (0)
11. checking partial_output_delay (0)
12. checking latch_loops (0)

1. checking no_clock (41)
-------------------------
 There are 5 register/latch pins with no clock driven by root clock pin: gnss_zynq_i/gnss_top_axi_0/inst/u_gnss_top/u_tracking_engine/u_coherent_sum/FSM_onehot_cur_state_reg[0]/Q (HIGH)

 There are 5 register/latch pins with no clock driven by root clock pin: gnss_zynq_i/gnss_top_axi_0/inst/u_gnss_top/u_tracking_engine/u_coherent_sum/FSM_onehot_cur_state_reg[1]/Q (HIGH)

 There are 5 register/latch pins with no clock driven by root clock pin: gnss_zynq_i/gnss_top_axi_0/inst/u_gnss_top/u_tracking_engine/u_coherent_sum/FSM_onehot_cur_state_reg[2]/Q (HIGH)

 There are 5 register/latch pins with no clock driven by root clock pin: gnss_zynq_i/gnss_top_axi_0/inst/u_gnss_top/u_tracking_engine/u_coherent_sum/FSM_onehot_cur_state_reg[3]/Q (HIGH)

 There are 5 register/latch pins with no clock driven by root clock pin: gnss_zynq_i/gnss_top_axi_0/inst/u_gnss_top/u_tracking_engine/u_coherent_sum/FSM_onehot_cur_state_reg[4]/Q (HIGH)

 There are 4 register/latch pins with no clock driven by root clock pin: gnss_zynq_i/gnss_top_axi_0/inst/u_gnss_top/u_tracking_engine/u_coherent_sum/cur_fifo_sel_reg[0]/Q (HIGH)

 There are 4 register/latch pins with no clock driven by root clock pin: gnss_zynq_i/gnss_top_axi_0/inst/u_gnss_top/u_tracking_engine/u_coherent_sum/cur_fifo_sel_reg[1]/Q (HIGH)

 There are 4 register/latch pins with no clock driven by root clock pin: gnss_zynq_i/gnss_top_axi_0/inst/u_gnss_top/u_tracking_engine/u_coherent_sum/cur_fifo_sel_reg[2]/Q (HIGH)

 There are 4 register/latch pins with no clock driven by root clock pin: gnss_zynq_i/gnss_top_axi_0/inst/u_gnss_top/u_tracking_engine/u_coherent_sum/cur_fifo_sel_reg[3]/Q (HIGH)


2. checking constant_clock (0)
------------------------------
 There are 0 register/latch pins with constant_clock.


3. checking pulse_width_clock (0)
---------------------------------
 There are 0 register/latch pins which need pulse_width check


4. checking unconstrained_internal_endpoints (9)
------------------------------------------------
 There are 9 pins that are not constrained for maximum delay. (HIGH)

 There are 0 pins that are not constrained for maximum delay due to constant clock.


5. checking no_input_delay (1)
------------------------------
 There is 1 input port with no input delay specified. (HIGH)

 There are 0 input ports with no input delay but user has a false path constraint.


6. checking no_output_delay (3)
-------------------------------
 There are 3 ports with no output delay specified. (HIGH)

 There are 0 ports with no output delay but user has a false path constraint

 There are 0 ports with no output delay but with a timing clock defined on it or propagating through it


7. checking multiple_clock (0)
------------------------------
 There are 0 register/latch pins with multiple clocks.


8. checking generated_clocks (0)
--------------------------------
 There are 0 generated clocks that are not connected to a clock source.


9. checking loops (0)
---------------------
 There are 0 combinational loops in the design.


10. checking partial_input_delay (0)
------------------------------------
 There are 0 input ports with partial input delay specified.


11. checking partial_output_delay (0)
-------------------------------------
 There are 0 ports with partial output delay specified.


12. checking latch_loops (0)
----------------------------
 There are 0 combinational latch loops in the design through latch input



------------------------------------------------------------------------------------------------
| Design Timing Summary
| ---------------------
------------------------------------------------------------------------------------------------

    WNS(ns)      TNS(ns)  TNS Failing Endpoints  TNS Total Endpoints      WHS(ns)      THS(ns)  THS Failing Endpoints  THS Total Endpoints     WPWS(ns)     TPWS(ns)  TPWS Failing Endpoints  TPWS Total Endpoints  
    -------      -------  ---------------------  -------------------      -------      -------  ---------------------  -------------------     --------     --------  ----------------------  --------------------  
      0.022        0.000                      0                54261        0.030        0.000                      0                54261        3.750        0.000                       0                 21213  


All user specified timing constraints are met.


------------------------------------------------------------------------------------------------
| Clock Summary
| -------------
------------------------------------------------------------------------------------------------

Clock       Waveform(ns)       Period(ns)      Frequency(MHz)
-----       ------------       ----------      --------------
adc_clk     {0.000 41.666}     83.333          12.000          
clk_fpga_0  {0.000 5.000}      10.000          100.000         


------------------------------------------------------------------------------------------------
| Intra Clock Table
| -----------------
------------------------------------------------------------------------------------------------

Clock             WNS(ns)      TNS(ns)  TNS Failing Endpoints  TNS Total Endpoints      WHS(ns)      THS(ns)  THS Failing Endpoints  THS Total Endpoints     WPWS(ns)     TPWS(ns)  TPWS Failing Endpoints  TPWS Total Endpoints  
-----             -------      -------  ---------------------  -------------------      -------      -------  ---------------------  -------------------     --------     --------  ----------------------  --------------------  
clk_fpga_0          0.022        0.000                      0                42266        0.030        0.000                      0                42266        3.750        0.000                       0                 21213  


------------------------------------------------------------------------------------------------
| Inter Clock Table
| -----------------
------------------------------------------------------------------------------------------------

From Clock    To Clock          WNS(ns)      TNS(ns)  TNS Failing Endpoints  TNS Total Endpoints      WHS(ns)      THS(ns)  THS Failing Endpoints  THS Total Endpoints  
----------    --------          -------      -------  ---------------------  -------------------      -------      -------  ---------------------  -------------------  


------------------------------------------------------------------------------------------------
| Other Path Groups Table
| -----------------------
------------------------------------------------------------------------------------------------

Path Group         From Clock         To Clock               WNS(ns)      TNS(ns)  TNS Failing Endpoints  TNS Total Endpoints      WHS(ns)      THS(ns)  THS Failing Endpoints  THS Total Endpoints  
----------         ----------         --------               -------      -------  ---------------------  -------------------      -------      -------  ---------------------  -------------------  
**async_default**  clk_fpga_0         clk_fpga_0               0.503        0.000                      0                11995        0.772        0.000                      0                11995  


------------------------------------------------------------------------------------------------
| Timing Details
| --------------
------------------------------------------------------------------------------------------------


---------------------------------------------------------------------------------------------------
From Clock:  clk_fpga_0
  To Clock:  clk_fpga_0

Setup :            0  Failing Endpoints,  Worst Slack        0.022ns,  Total Violation        0.000ns
Hold  :            0  Failing Endpoints,  Worst Slack        0.030ns,  Total Violation        0.000ns
PW    :            0  Failing Endpoints,  Worst Slack        3.750ns,  Total Violation        0.000ns
---------------------------------------------------------------------------------------------------


Max Delay Paths
--------------------------------------------------------------------------------------
Slack (MET) :             0.022ns  (required time - arrival time)
  Source:                 gnss_zynq_i/gnss_top_axi_0/inst/u_gnss_top/u_ae_top/u_ae_core/u_noncoh_acc/noncoh_out_r_reg[5][1]/C
                            (rising edge-triggered cell FDCE clocked by clk_fpga_0  {rise@0.000ns fall@5.000ns period=10.000ns})
  Destination:            gnss_zynq_i/gnss_top_axi_0/inst/u_gnss_top/u_ae_top/u_ae_core/u_noncoh_acc/max_amp_r_reg[6]/CE
                            (rising edge-triggered cell FDCE clocked by clk_fpga_0  {rise@0.000ns fall@5.000ns period=10.000ns})
  Path Group:             clk_fpga_0
  Path Type:              Setup (Max at Slow Process Corner)
  Requirement:            10.000ns  (clk_fpga_0 rise@10.000ns - clk_fpga_0 rise@0.000ns)
  Data Path Delay:        9.560ns  (logic 4.327ns (45.261%)  route 5.233ns (54.739%))
  Logic Levels:           13  (CARRY4=6 LUT3=3 LUT4=1 LUT6=3)
  Clock Path Skew:        -0.059ns (DCD - SCD + CPR)
    Destination Clock Delay (DCD):    2.871ns = ( 12.871 - 10.000 ) 
    Source Clock Delay      (SCD):    3.182ns
    Clock Pessimism Removal (CPR):    0.252ns
  Clock Uncertainty:      0.154ns  ((TSJ^2 + TIJ^2)^1/2 + DJ) / 2 + PE
    Total System Jitter     (TSJ):    0.071ns
    Total Input Jitter      (TIJ):    0.300ns
    Discrete Jitter          (DJ):    0.000ns
    Phase Error              (PE):    0.000ns

    Location             Delay type                Incr(ns)  Path(ns)    Netlist Resource(s)
  -------------------------------------------------------------------    -------------------
                         (clock clk_fpga_0 rise edge)
                                                      0.000     0.000 r  
    PS7_X0Y0             PS7                          0.000     0.000 r  gnss_zynq_i/processing_system7_0/inst/PS7_i/FCLKCLK[0]
                         net (fo=1, routed)           1.193     1.193    gnss_zynq_i/processing_system7_0/inst/FCLK_CLK_unbuffered[0]
    BUFGCTRL_X0Y16       BUFG (Prop_bufg_I_O)         0.101     1.294 r  gnss_zynq_i/processing_system7_0/inst/buffer_fclk_clk_0.FCLK_CLK_0_BUFG/O
                         net (fo=5798, routed)        0.146     1.440    gnss_zynq_i/gnss_top_axi_0/inst/u_gnss_top/u_ae_top/u_ae_core/u_gated_clock/S_AXI_ACLK
    BUFGCTRL_X0Y17       BUFGCTRL (Prop_bufgctrl_I0_O)
                                                      0.101     1.541 r  gnss_zynq_i/gnss_top_axi_0/inst/u_gnss_top/u_ae_top/u_ae_core/u_gated_clock/g_bufg.u_bufgce/O
                         net (fo=10667, routed)       1.641     3.182    gnss_zynq_i/gnss_top_axi_0/inst/u_gnss_top/u_ae_top/u_ae_core/u_noncoh_acc/min_abs_reg[8]
    SLICE_X39Y81         FDCE                                         r  gnss_zynq_i/gnss_top_axi_0/inst/u_gnss_top/u_ae_top/u_ae_core/u_noncoh_acc/noncoh_out_r_reg[5][1]/C
  -------------------------------------------------------------------    -------------------
    SLICE_X39Y81         FDCE (Prop_fdce_C_Q)         0.456     3.638 r  gnss_zynq_i/gnss_top_axi_0/inst/u_gnss_top/u_ae_top/u_ae_core/u_noncoh_acc/noncoh_out_r_reg[5][1]/Q
                         net (fo=11, routed)          0.867     4.505    gnss_zynq_i/gnss_top_axi_0/inst/u_gnss_top/u_ae_top/u_ae_core/u_noncoh_acc/u_amp_compare/Q[1]
    SLICE_X38Y79         LUT3 (Prop_lut3_I1_O)        0.124     4.629 r  gnss_zynq_i/gnss_top_axi_0/inst/u_gnss_top/u_ae_top/u_ae_core/u_noncoh_acc/u_amp_compare/cmp11_carry_i_20/O
                         net (fo=1, routed)           0.544     5.173    gnss_zynq_i/gnss_top_axi_0/inst/u_gnss_top/u_ae_top/u_ae_core/u_noncoh_acc/u_amp_compare/cmp11_carry_i_20_n_0
    SLICE_X38Y79         LUT6 (Prop_lut6_I5_O)        0.124     5.297 r  gnss_zynq_i/gnss_top_axi_0/inst/u_gnss_top/u_ae_top/u_ae_core/u_noncoh_acc/u_amp_compare/cmp11_carry_i_4/O
                         net (fo=1, routed)           0.476     5.773    gnss_zynq_i/gnss_top_axi_0/inst/u_gnss_top/u_ae_top/u_ae_core/u_noncoh_acc/u_amp_compare/cmp11_carry_i_4_n_0
    SLICE_X39Y78         CARRY4 (Prop_carry4_DI[0]_CO[3])
                                                      0.526     6.299 r  gnss_zynq_i/gnss_top_axi_0/inst/u_gnss_top/u_ae_top/u_ae_core/u_noncoh_acc/u_amp_compare/cmp11_carry/CO[3]
                         net (fo=1, routed)           0.000     6.299    gnss_zynq_i/gnss_top_axi_0/inst/u_gnss_top/u_ae_top/u_ae_core/u_noncoh_acc/u_amp_compare/cmp11_carry_n_0
    SLICE_X39Y79         CARRY4 (Prop_carry4_CI_CO[0])
                                                      0.271     6.570 r  gnss_zynq_i/gnss_top_axi_0/inst/u_gnss_top/u_ae_top/u_ae_core/u_noncoh_acc/u_amp_compare/cmp11_carry__0/CO[0]
                         net (fo=10, routed)          0.677     7.248    gnss_zynq_i/gnss_top_axi_0/inst/u_gnss_top/u_ae_top/u_ae_core/u_noncoh_acc/u_amp_compare/cmp11
    SLICE_X43Y77         LUT6 (Prop_lut6_I2_O)        0.373     7.621 r  gnss_zynq_i/gnss_top_axi_0/inst/u_gnss_top/u_ae_top/u_ae_core/u_noncoh_acc/u_amp_compare/max_amp_r[0]_i_3/O
                         net (fo=5, routed)           0.671     8.291    gnss_zynq_i/gnss_top_axi_0/inst/u_gnss_top/u_ae_top/u_ae_core/u_noncoh_acc/u_amp_compare/max_amp_r[0]_i_3_n_0
    SLICE_X40Y78         LUT4 (Prop_lut4_I1_O)        0.124     8.415 r  gnss_zynq_i/gnss_top_axi_0/inst/u_gnss_top/u_ae_top/u_ae_core/u_noncoh_acc/u_amp_compare/max_amp1_carry_i_8/O
                         net (fo=1, routed)           0.000     8.415    gnss_zynq_i/gnss_top_axi_0/inst/u_gnss_top/u_ae_top/u_ae_core/u_noncoh_acc/u_amp_compare/max_amp1_carry_i_8_n_0
    SLICE_X40Y78         CARRY4 (Prop_carry4_S[0]_CO[3])
                                                      0.532     8.947 r  gnss_zynq_i/gnss_top_axi_0/inst/u_gnss_top/u_ae_top/u_ae_core/u_noncoh_acc/u_amp_compare/max_amp1_carry/CO[3]
                         net (fo=1, routed)           0.000     8.947    gnss_zynq_i/gnss_top_axi_0/inst/u_gnss_top/u_ae_top/u_ae_core/u_noncoh_acc/u_amp_compare/max_amp1_carry_n_0
    SLICE_X40Y79         CARRY4 (Prop_carry4_CI_CO[0])
                                                      0.271     9.218 r  gnss_zynq_i/gnss_top_axi_0/inst/u_gnss_top/u_ae_top/u_ae_core/u_noncoh_acc/u_amp_compare/max_amp1_carry__0/CO[0]
                         net (fo=21, routed)          0.435     9.653    gnss_zynq_i/gnss_top_axi_0/inst/u_gnss_top/u_ae_top/u_ae_core/u_noncoh_acc/u_amp_compare/CO[0]
    SLICE_X42Y80         LUT3 (Prop_lut3_I2_O)        0.373    10.026 r  gnss_zynq_i/gnss_top_axi_0/inst/u_gnss_top/u_ae_top/u_ae_core/u_noncoh_acc/u_amp_compare/max_amp_r[7]_i_1/O
                         net (fo=3, routed)           0.311    10.337    gnss_zynq_i/gnss_top_axi_0/inst/u_gnss_top/u_ae_top/u_ae_core/u_noncoh_acc/u_amp_compare/D[7]
    SLICE_X41Y80         LUT6 (Prop_lut6_I5_O)        0.124    10.461 r  gnss_zynq_i/gnss_top_axi_0/inst/u_gnss_top/u_ae_top/u_ae_core/u_noncoh_acc/u_amp_compare/max_amp_r[8]_i_9/O
                         net (fo=1, routed)           0.472    10.933    gnss_zynq_i/gnss_top_axi_0/inst/u_gnss_top/u_ae_top/u_ae_core/u_noncoh_acc/u_amp_compare/max_amp_r[8]_i_9_n_0
    SLICE_X41Y78         CARRY4 (Prop_carry4_DI[3]_CO[3])
                                                      0.385    11.318 r  gnss_zynq_i/gnss_top_axi_0/inst/u_gnss_top/u_ae_top/u_ae_core/u_noncoh_acc/u_amp_compare/max_amp_r_reg[8]_i_6/CO[3]
                         net (fo=1, routed)           0.000    11.318    gnss_zynq_i/gnss_top_axi_0/inst/u_gnss_top/u_ae_top/u_ae_core/u_noncoh_acc/u_amp_compare/max_amp_r_reg[8]_i_6_n_0
    SLICE_X41Y79         CARRY4 (Prop_carry4_CI_CO[0])
                                                      0.271    11.589 r  gnss_zynq_i/gnss_top_axi_0/inst/u_gnss_top/u_ae_top/u_ae_core/u_noncoh_acc/u_amp_compare/max_amp_r_reg[8]_i_3/CO[0]
                         net (fo=1, routed)           0.292    11.881    gnss_zynq_i/gnss_top_axi_0/inst/u_gnss_top/u_ae_top/u_ae_core/u_noncoh_acc/u_amp_compare/max_amp_r_reg[8]_i_3_n_3
    SLICE_X43Y79         LUT3 (Prop_lut3_I1_O)        0.373    12.254 r  gnss_zynq_i/gnss_top_axi_0/inst/u_gnss_top/u_ae_top/u_ae_core/u_noncoh_acc/u_amp_compare/max_amp_r[8]_i_1/O
                         net (fo=12, routed)          0.489    12.742    gnss_zynq_i/gnss_top_axi_0/inst/u_gnss_top/u_ae_top/u_ae_core/u_noncoh_acc/freq_index_r[0]
    SLICE_X41Y80         FDCE                                         r  gnss_zynq_i/gnss_top_axi_0/inst/u_gnss_top/u_ae_top/u_ae_core/u_noncoh_acc/max_amp_r_reg[6]/CE
  -------------------------------------------------------------------    -------------------

                         (clock clk_fpga_0 rise edge)
                                                     10.000    10.000 r  
    PS7_X0Y0             PS7                          0.000    10.000 r  gnss_zynq_i/processing_system7_0/inst/PS7_i/FCLKCLK[0]
                         net (fo=1, routed)           1.088    11.088    gnss_zynq_i/processing_system7_0/inst/FCLK_CLK_unbuffered[0]
    BUFGCTRL_X0Y16       BUFG (Prop_bufg_I_O)         0.091    11.179 r  gnss_zynq_i/processing_system7_0/inst/buffer_fclk_clk_0.FCLK_CLK_0_BUFG/O
                         net (fo=5798, routed)        0.133    11.312    gnss_zynq_i/gnss_top_axi_0/inst/u_gnss_top/u_ae_top/u_ae_core/u_gated_clock/S_AXI_ACLK
    BUFGCTRL_X0Y17       BUFGCTRL (Prop_bufgctrl_I0_O)
                                                      0.091    11.403 r  gnss_zynq_i/gnss_top_axi_0/inst/u_gnss_top/u_ae_top/u_ae_core/u_gated_clock/g_bufg.u_bufgce/O
                         net (fo=10667, routed)       1.468    12.871    gnss_zynq_i/gnss_top_axi_0/inst/u_gnss_top/u_ae_top/u_ae_core/u_noncoh_acc/min_abs_reg[8]
    SLICE_X41Y80         FDCE                                         r  gnss_zynq_i/gnss_top_axi_0/inst/u_gnss_top/u_ae_top/u_ae_core/u_noncoh_acc/max_amp_r_reg[6]/C
                         clock pessimism              0.252    13.123    
                         clock uncertainty           -0.154    12.969    
    SLICE_X41Y80         FDCE (Setup_fdce_C_CE)      -0.205    12.764    gnss_zynq_i/gnss_top_axi_0/inst/u_gnss_top/u_ae_top/u_ae_core/u_noncoh_acc/max_amp_r_reg[6]
  -------------------------------------------------------------------
                         required time                         12.764    
                         arrival time                         -12.742    
  -------------------------------------------------------------------
                         slack                                  0.022    





Min Delay Paths
--------------------------------------------------------------------------------------
Slack (MET) :             0.030ns  (arrival time - required time)
  Source:                 gnss_zynq_i/axi_smc_0/inst/s00_nodes/s00_aw_node/inst/inst_mi_handler/gen_normal_area.inst_fifo_node_payld/gen_reg_fifo.inst_reg_fifo/gen_single_rank.data_reg[109]/C
                            (rising edge-triggered cell FDRE clocked by clk_fpga_0  {rise@0.000ns fall@5.000ns period=10.000ns})
  Destination:            gnss_zynq_i/gnss_top_axi_0/inst/aw_buf_addr_reg[13]/D
                            (rising edge-triggered cell FDCE clocked by clk_fpga_0  {rise@0.000ns fall@5.000ns period=10.000ns})
  Path Group:             clk_fpga_0
  Path Type:              Hold (Min at Fast Process Corner)
  Requirement:            0.000ns  (clk_fpga_0 rise@0.000ns - clk_fpga_0 rise@0.000ns)
  Data Path Delay:        0.389ns  (logic 0.164ns (42.195%)  route 0.225ns (57.805%))
  Logic Levels:           0  
  Clock Path Skew:        0.274ns (DCD - SCD - CPR)
    Destination Clock Delay (DCD):    1.217ns
    Source Clock Delay      (SCD):    0.913ns
    Clock Pessimism Removal (CPR):    0.030ns

    Location             Delay type                Incr(ns)  Path(ns)    Netlist Resource(s)
  -------------------------------------------------------------------    -------------------
                         (clock clk_fpga_0 rise edge)
                                                      0.000     0.000 r  
    PS7_X0Y0             PS7                          0.000     0.000 r  gnss_zynq_i/processing_system7_0/inst/PS7_i/FCLKCLK[0]
                         net (fo=1, routed)           0.310     0.310    gnss_zynq_i/processing_system7_0/inst/FCLK_CLK_unbuffered[0]
    BUFGCTRL_X0Y16       BUFG (Prop_bufg_I_O)         0.026     0.336 r  gnss_zynq_i/processing_system7_0/inst/buffer_fclk_clk_0.FCLK_CLK_0_BUFG/O
                         net (fo=5798, routed)        0.577     0.913    gnss_zynq_i/axi_smc_0/inst/s00_nodes/s00_aw_node/inst/inst_mi_handler/gen_normal_area.inst_fifo_node_payld/gen_reg_fifo.inst_reg_fifo/s_sc_aclk
    SLICE_X54Y50         FDRE                                         r  gnss_zynq_i/axi_smc_0/inst/s00_nodes/s00_aw_node/inst/inst_mi_handler/gen_normal_area.inst_fifo_node_payld/gen_reg_fifo.inst_reg_fifo/gen_single_rank.data_reg[109]/C
  -------------------------------------------------------------------    -------------------
    SLICE_X54Y50         FDRE (Prop_fdre_C_Q)         0.164     1.077 r  gnss_zynq_i/axi_smc_0/inst/s00_nodes/s00_aw_node/inst/inst_mi_handler/gen_normal_area.inst_fifo_node_payld/gen_reg_fifo.inst_reg_fifo/gen_single_rank.data_reg[109]/Q
                         net (fo=2, routed)           0.225     1.301    gnss_zynq_i/gnss_top_axi_0/inst/S_AXI_AWADDR[13]
    SLICE_X54Y49         FDCE                                         r  gnss_zynq_i/gnss_top_axi_0/inst/aw_buf_addr_reg[13]/D
  -------------------------------------------------------------------    -------------------

                         (clock clk_fpga_0 rise edge)
                                                      0.000     0.000 r  
    PS7_X0Y0             PS7                          0.000     0.000 r  gnss_zynq_i/processing_system7_0/inst/PS7_i/FCLKCLK[0]
                         net (fo=1, routed)           0.337     0.337    gnss_zynq_i/processing_system7_0/inst/FCLK_CLK_unbuffered[0]
    BUFGCTRL_X0Y16       BUFG (Prop_bufg_I_O)         0.029     0.366 r  gnss_zynq_i/processing_system7_0/inst/buffer_fclk_clk_0.FCLK_CLK_0_BUFG/O
                         net (fo=5798, routed)        0.851     1.217    gnss_zynq_i/gnss_top_axi_0/inst/S_AXI_ACLK
    SLICE_X54Y49         FDCE                                         r  gnss_zynq_i/gnss_top_axi_0/inst/aw_buf_addr_reg[13]/C
                         clock pessimism             -0.030     1.187    
    SLICE_X54Y49         FDCE (Hold_fdce_C_D)         0.084     1.271    gnss_zynq_i/gnss_top_axi_0/inst/aw_buf_addr_reg[13]
  -------------------------------------------------------------------
                         required time                         -1.271    
                         arrival time                           1.301    
  -------------------------------------------------------------------
                         slack                                  0.030    





Pulse Width Checks
--------------------------------------------------------------------------------------
Clock Name:         clk_fpga_0
Waveform(ns):       { 0.000 5.000 }
Period(ns):         10.000
Sources:            { gnss_zynq_i/processing_system7_0/inst/PS7_i/FCLKCLK[0] }

Check Type        Corner  Lib Pin             Reference Pin  Required(ns)  Actual(ns)  Slack(ns)  Location      Pin
Min Period        n/a     RAMB36E1/CLKARDCLK  n/a            2.944         10.000      7.056      RAMB36_X3Y12  gnss_zynq_i/gnss_top_axi_0/inst/u_gnss_top/u_ae_top/ae_config_buffer/u_ram/mem_reg/CLKARDCLK
Low Pulse Width   Slow    RAMD32/CLK          n/a            1.250         5.000       3.750      SLICE_X66Y8   gnss_zynq_i/gnss_top_axi_0/inst/u_gnss_top/u_tracking_engine/coherent_fifo_gen[0].u_coherent_fifo_inst/mem_reg_0_7_0_5/RAMA/CLK
High Pulse Width  Slow    RAMD32/CLK          n/a            1.250         5.000       3.750      SLICE_X66Y8   gnss_zynq_i/gnss_top_axi_0/inst/u_gnss_top/u_tracking_engine/coherent_fifo_gen[0].u_coherent_fifo_inst/mem_reg_0_7_0_5/RAMA/CLK



---------------------------------------------------------------------------------------------------
Path Group:  **async_default**
From Clock:  clk_fpga_0
  To Clock:  clk_fpga_0

Setup :            0  Failing Endpoints,  Worst Slack        0.503ns,  Total Violation        0.000ns
Hold  :            0  Failing Endpoints,  Worst Slack        0.772ns,  Total Violation        0.000ns
---------------------------------------------------------------------------------------------------


Max Delay Paths
--------------------------------------------------------------------------------------
Slack (MET) :             0.503ns  (required time - arrival time)
  Source:                 gnss_zynq_i/axi_smc_0/inst/s00_nodes/s00_aw_node/inst/inst_mi_handler/gen_normal_area.inst_fifo_node_payld/gen_reg_fifo.inst_reg_fifo/gen_single_rank.empty_r_reg/C
                            (rising edge-triggered cell FDRE clocked by clk_fpga_0  {rise@0.000ns fall@5.000ns period=10.000ns})
  Destination:            gnss_zynq_i/gnss_top_axi_0/inst/u_gnss_top/u_tracking_engine/correlator_gen[1].u_correlator/u_prn_code/weil_prn2/code_index1_init_reg[10]/CLR
                            (recovery check against rising-edge clock clk_fpga_0  {rise@0.000ns fall@5.000ns period=10.000ns})
  Path Group:             **async_default**
  Path Type:              Recovery (Max at Slow Process Corner)
  Requirement:            10.000ns  (clk_fpga_0 rise@10.000ns - clk_fpga_0 rise@0.000ns)
  Data Path Delay:        8.947ns  (logic 1.304ns (14.575%)  route 7.643ns (85.425%))
  Logic Levels:           5  (LUT2=1 LUT3=1 LUT5=1 LUT6=2)
  Clock Path Skew:        0.009ns (DCD - SCD + CPR)
    Destination Clock Delay (DCD):    2.838ns = ( 12.839 - 10.000 ) 
    Source Clock Delay      (SCD):    2.944ns
    Clock Pessimism Removal (CPR):    0.115ns
  Clock Uncertainty:      0.154ns  ((TSJ^2 + TIJ^2)^1/2 + DJ) / 2 + PE
    Total System Jitter     (TSJ):    0.071ns
    Total Input Jitter      (TIJ):    0.300ns
    Discrete Jitter          (DJ):    0.000ns
    Phase Error              (PE):    0.000ns

    Location             Delay type                Incr(ns)  Path(ns)    Netlist Resource(s)
  -------------------------------------------------------------------    -------------------
                         (clock clk_fpga_0 rise edge)
                                                      0.000     0.000 r  
    PS7_X0Y0             PS7                          0.000     0.000 r  gnss_zynq_i/processing_system7_0/inst/PS7_i/FCLKCLK[0]
                         net (fo=1, routed)           1.193     1.193    gnss_zynq_i/processing_system7_0/inst/FCLK_CLK_unbuffered[0]
    BUFGCTRL_X0Y16       BUFG (Prop_bufg_I_O)         0.101     1.294 r  gnss_zynq_i/processing_system7_0/inst/buffer_fclk_clk_0.FCLK_CLK_0_BUFG/O
                         net (fo=5798, routed)        1.650     2.944    gnss_zynq_i/axi_smc_0/inst/s00_nodes/s00_aw_node/inst/inst_mi_handler/gen_normal_area.inst_fifo_node_payld/gen_reg_fifo.inst_reg_fifo/s_sc_aclk
    SLICE_X49Y56         FDRE                                         r  gnss_zynq_i/axi_smc_0/inst/s00_nodes/s00_aw_node/inst/inst_mi_handler/gen_normal_area.inst_fifo_node_payld/gen_reg_fifo.inst_reg_fifo/gen_single_rank.empty_r_reg/C
  -------------------------------------------------------------------    -------------------
    SLICE_X49Y56         FDRE (Prop_fdre_C_Q)         0.456     3.400 f  gnss_zynq_i/axi_smc_0/inst/s00_nodes/s00_aw_node/inst/inst_mi_handler/gen_normal_area.inst_fifo_node_payld/gen_reg_fifo.inst_reg_fifo/gen_single_rank.empty_r_reg/Q
                         net (fo=6, routed)           0.832     4.232    gnss_zynq_i/axi_smc_0/inst/m00_exit_pipeline/m00_exit/inst/exit_inst/s_axi_awvalid
    SLICE_X50Y56         LUT3 (Prop_lut3_I1_O)        0.124     4.356 r  gnss_zynq_i/axi_smc_0/inst/m00_exit_pipeline/m00_exit/inst/exit_inst/m_axi_awvalid_INST_0/O
                         net (fo=7, routed)           0.636     4.992    gnss_zynq_i/gnss_top_axi_0/inst/u_gnss_top/u_te_fifo/S_AXI_AWVALID
    SLICE_X55Y56         LUT6 (Prop_lut6_I0_O)        0.124     5.116 r  gnss_zynq_i/gnss_top_axi_0/inst/u_gnss_top/u_te_fifo/S_AXI_BVALID_i_2/O
                         net (fo=39, routed)          0.926     6.042    gnss_zynq_i/gnss_top_axi_0/inst/u_gnss_top/u_pps/te_wr
    SLICE_X57Y49         LUT5 (Prop_lut5_I3_O)        0.124     6.166 f  gnss_zynq_i/gnss_top_axi_0/inst/u_gnss_top/u_pps/mem_reg_i_8__0/O
                         net (fo=112, routed)         0.975     7.141    gnss_zynq_i/gnss_top_axi_0/inst/u_gnss_top/u_te_fifo/reg_d4rd_reg[10]
    SLICE_X63Y47         LUT2 (Prop_lut2_I1_O)        0.150     7.291 r  gnss_zynq_i/gnss_top_axi_0/inst/u_gnss_top/u_te_fifo/fifo_block_adjust[7]_i_8/O
                         net (fo=14, routed)          1.754     9.045    gnss_zynq_i/gnss_top_axi_0/inst/u_gnss_top/u_tracking_engine/correlator_gen[1].u_correlator/u_prn_code/weil_prn2/legendre_code2_r_reg[15]_1
    SLICE_X35Y24         LUT6 (Prop_lut6_I1_O)        0.326     9.371 f  gnss_zynq_i/gnss_top_axi_0/inst/u_gnss_top/u_tracking_engine/correlator_gen[1].u_correlator/u_prn_code/weil_prn2/carrier_phase_r[31]_i_8/O
                         net (fo=4406, routed)        2.520    11.891    gnss_zynq_i/gnss_top_axi_0/inst/u_gnss_top/u_tracking_engine/correlator_gen[1].u_correlator/u_prn_code/weil_prn2/S_AXI_ARESETN_0
    SLICE_X7Y48          FDCE                                         f  gnss_zynq_i/gnss_top_axi_0/inst/u_gnss_top/u_tracking_engine/correlator_gen[1].u_correlator/u_prn_code/weil_prn2/code_index1_init_reg[10]/CLR
  -------------------------------------------------------------------    -------------------

                         (clock clk_fpga_0 rise edge)
                                                     10.000    10.000 r  
    PS7_X0Y0             PS7                          0.000    10.000 r  gnss_zynq_i/processing_system7_0/inst/PS7_i/FCLKCLK[0]
                         net (fo=1, routed)           1.088    11.088    gnss_zynq_i/processing_system7_0/inst/FCLK_CLK_unbuffered[0]
    BUFGCTRL_X0Y16       BUFG (Prop_bufg_I_O)         0.091    11.179 r  gnss_zynq_i/processing_system7_0/inst/buffer_fclk_clk_0.FCLK_CLK_0_BUFG/O
                         net (fo=5798, routed)        0.642    11.821    gnss_zynq_i/gnss_top_axi_0/inst/u_gnss_top/u_tracking_engine/gated_clock_u2/S_AXI_ACLK
    BUFHCE_X0Y1          BUFHCE (Prop_bufhce_I_O)     0.081    11.903 r  gnss_zynq_i/gnss_top_axi_0/inst/u_gnss_top/u_tracking_engine/gated_clock_u2/g_bufh.u_bufhce/O
                         net (fo=1187, routed)        0.936    12.839    gnss_zynq_i/gnss_top_axi_0/inst/u_gnss_top/u_tracking_engine/correlator_gen[1].u_correlator/u_prn_code/weil_prn2/CLK
    SLICE_X7Y48          FDCE                                         r  gnss_zynq_i/gnss_top_axi_0/inst/u_gnss_top/u_tracking_engine/correlator_gen[1].u_correlator/u_prn_code/weil_prn2/code_index1_init_reg[10]/C
                         clock pessimism              0.115    12.953    
                         clock uncertainty           -0.154    12.799    
    SLICE_X7Y48          FDCE (Recov_fdce_C_CLR)     -0.405    12.394    gnss_zynq_i/gnss_top_axi_0/inst/u_gnss_top/u_tracking_engine/correlator_gen[1].u_correlator/u_prn_code/weil_prn2/code_index1_init_reg[10]
  -------------------------------------------------------------------
                         required time                         12.394    
                         arrival time                         -11.891    
  -------------------------------------------------------------------
                         slack                                  0.503    





Min Delay Paths
--------------------------------------------------------------------------------------
Slack (MET) :             0.772ns  (arrival time - required time)
  Source:                 gnss_zynq_i/proc_sys_reset_0/U0/ACTIVE_LOW_PR_OUT_DFF[0].FDRE_PER_N/C
                            (rising edge-triggered cell FDRE clocked by clk_fpga_0  {rise@0.000ns fall@5.000ns period=10.000ns})
  Destination:            gnss_zynq_i/gnss_top_axi_0/inst/u_gnss_top/u_ae_top/u_ae_core/u_ae_prn_gen/u_memcode_prn/current_code_r_reg[24]/CLR
                            (removal check against rising-edge clock clk_fpga_0  {rise@0.000ns fall@5.000ns period=10.000ns})
  Path Group:             **async_default**
  Path Type:              Removal (Min at Fast Process Corner)
  Requirement:            0.000ns  (clk_fpga_0 rise@0.000ns - clk_fpga_0 rise@0.000ns)
  Data Path Delay:        1.063ns  (logic 0.186ns (17.496%)  route 0.877ns (82.504%))
  Logic Levels:           1  (LUT6=1)
  Clock Path Skew:        0.358ns (DCD - SCD - CPR)
    Destination Clock Delay (DCD):    1.274ns
    Source Clock Delay      (SCD):    0.886ns
    Clock Pessimism Removal (CPR):    0.030ns

    Location             Delay type                Incr(ns)  Path(ns)    Netlist Resource(s)
  -------------------------------------------------------------------    -------------------
                         (clock clk_fpga_0 rise edge)
                                                      0.000     0.000 r  
    PS7_X0Y0             PS7                          0.000     0.000 r  gnss_zynq_i/processing_system7_0/inst/PS7_i/FCLKCLK[0]
                         net (fo=1, routed)           0.310     0.310    gnss_zynq_i/processing_system7_0/inst/FCLK_CLK_unbuffered[0]
    BUFGCTRL_X0Y16       BUFG (Prop_bufg_I_O)         0.026     0.336 r  gnss_zynq_i/processing_system7_0/inst/buffer_fclk_clk_0.FCLK_CLK_0_BUFG/O
                         net (fo=5798, routed)        0.550     0.886    gnss_zynq_i/proc_sys_reset_0/U0/slowest_sync_clk
    SLICE_X53Y61         FDRE                                         r  gnss_zynq_i/proc_sys_reset_0/U0/ACTIVE_LOW_PR_OUT_DFF[0].FDRE_PER_N/C
  -------------------------------------------------------------------    -------------------
    SLICE_X53Y61         FDRE (Prop_fdre_C_Q)         0.141     1.027 r  gnss_zynq_i/proc_sys_reset_0/U0/ACTIVE_LOW_PR_OUT_DFF[0].FDRE_PER_N/Q
                         net (fo=13, routed)          0.499     1.525    gnss_zynq_i/gnss_top_axi_0/inst/u_gnss_top/u_ae_top/u_ae_core/u_coh_acc/u1_coh_sum_pair/S_AXI_ARESETN
    SLICE_X63Y61         LUT6 (Prop_lut6_I0_O)        0.045     1.570 f  gnss_zynq_i/gnss_top_axi_0/inst/u_gnss_top/u_ae_top/u_ae_core/u_coh_acc/u1_coh_sum_pair/add_tree_latch[1].adder31_out_r[1][4]_i_9__4/O
                         net (fo=4245, routed)        0.379     1.949    gnss_zynq_i/gnss_top_axi_0/inst/u_gnss_top/u_ae_top/u_ae_core/u_ae_prn_gen/u_memcode_prn/current_code_r_reg[31]_1
    SLICE_X62Y60         FDCE                                         f  gnss_zynq_i/gnss_top_axi_0/inst/u_gnss_top/u_ae_top/u_ae_core/u_ae_prn_gen/u_memcode_prn/current_code_r_reg[24]/CLR
  -------------------------------------------------------------------    -------------------

                         (clock clk_fpga_0 rise edge)
                                                      0.000     0.000 r  
    PS7_X0Y0             PS7                          0.000     0.000 r  gnss_zynq_i/processing_system7_0/inst/PS7_i/FCLKCLK[0]
                         net (fo=1, routed)           0.337     0.337    gnss_zynq_i/processing_system7_0/inst/FCLK_CLK_unbuffered[0]
    BUFGCTRL_X0Y16       BUFG (Prop_bufg_I_O)         0.029     0.366 r  gnss_zynq_i/processing_system7_0/inst/buffer_fclk_clk_0.FCLK_CLK_0_BUFG/O
                         net (fo=5798, routed)        0.033     0.399    gnss_zynq_i/gnss_top_axi_0/inst/u_gnss_top/u_ae_top/u_ae_core/u_gated_clock/S_AXI_ACLK
    BUFGCTRL_X0Y17       BUFGCTRL (Prop_bufgctrl_I0_O)
                                                      0.029     0.428 r  gnss_zynq_i/gnss_top_axi_0/inst/u_gnss_top/u_ae_top/u_ae_core/u_gated_clock/g_bufg.u_bufgce/O
                         net (fo=10667, routed)       0.846     1.274    gnss_zynq_i/gnss_top_axi_0/inst/u_gnss_top/u_ae_top/u_ae_core/u_ae_prn_gen/u_memcode_prn/current_code_r_reg[31]_0
    SLICE_X62Y60         FDCE                                         r  gnss_zynq_i/gnss_top_axi_0/inst/u_gnss_top/u_ae_top/u_ae_core/u_ae_prn_gen/u_memcode_prn/current_code_r_reg[24]/C
                         clock pessimism             -0.030     1.244    
    SLICE_X62Y60         FDCE (Remov_fdce_C_CLR)     -0.067     1.177    gnss_zynq_i/gnss_top_axi_0/inst/u_gnss_top/u_ae_top/u_ae_core/u_ae_prn_gen/u_memcode_prn/current_code_r_reg[24]
  -------------------------------------------------------------------
                         required time                         -1.177    
                         arrival time                           1.949    
  -------------------------------------------------------------------
                         slack                                  0.772    





