Copyright 1986-2022 Xilinx, Inc. All Rights Reserved. Copyright 2022-2025 Advanced Micro Devices, Inc. All Rights Reserved.
---------------------------------------------------------------------------------------------------------------------------------------------
| Tool Version : Vivado v.2025.2 (win64) Build 6299465 Fri Nov 14 19:35:11 GMT 2025
| Date         : Thu Jun 25 19:53:20 2026
| Host         : GPSLAB running 64-bit major release  (build 9200)
| Command      : report_timing_summary -file D:/FPGA/greta-oto/vivado/try1/timing_summary_try1.rpt
| Design       : gnss_zynq_wrapper
| Device       : 7z020-clg400
| Speed File   : -1  PRODUCTION 1.12 2019-11-22
| Design State : Physopt postRoute
---------------------------------------------------------------------------------------------------------------------------------------------

Timing Summary Report

------------------------------------------------------------------------------------------------
| Timer Settings
| --------------
------------------------------------------------------------------------------------------------

  Enable Multi Corner Analysis               :  Yes
  Enable Pessimism Removal                   :  Yes
  Pessimism Removal Resolution               :  Nearest Common Node
  Enable Input Delay Default Clock           :  No
  Enable Preset / Clear Arcs                 :  No
  Disable Flight Delays                      :  No
  Ignore I/O Paths                           :  No
  Timing Early Launch at Borrowing Latches   :  No
  Borrow Time for Max Delay Exceptions       :  Yes
  Merge Timing Exceptions                    :  Yes
  Inter-SLR Compensation                     :  Conservative

  Corner  Analyze    Analyze    
  Name    Max Paths  Min Paths  
  ------  ---------  ---------  
  Slow    Yes        Yes        
  Fast    Yes        Yes        


------------------------------------------------------------------------------------------------
| Report Methodology
| ------------------
------------------------------------------------------------------------------------------------

No report available as report_methodology has not been run prior. Run report_methodology on the current design for the summary of methodology violations.



check_timing report

Table of Contents
-----------------
1. checking no_clock (41)
2. checking constant_clock (0)
3. checking pulse_width_clock (0)
4. checking unconstrained_internal_endpoints (9)
5. checking no_input_delay (1)
6. checking no_output_delay (3)
7. checking multiple_clock (0)
8. checking generated_clocks (0)
9. checking loops (0)
10. checking partial_input_delay (0)
11. checking partial_output_delay (0)
12. checking latch_loops (0)

1. checking no_clock (41)
-------------------------
 There are 5 register/latch pins with no clock driven by root clock pin: gnss_zynq_i/gnss_top_axi_0/inst/u_gnss_top/u_tracking_engine/u_coherent_sum/FSM_onehot_cur_state_reg[0]/Q (HIGH)

 There are 5 register/latch pins with no clock driven by root clock pin: gnss_zynq_i/gnss_top_axi_0/inst/u_gnss_top/u_tracking_engine/u_coherent_sum/FSM_onehot_cur_state_reg[1]/Q (HIGH)

 There are 5 register/latch pins with no clock driven by root clock pin: gnss_zynq_i/gnss_top_axi_0/inst/u_gnss_top/u_tracking_engine/u_coherent_sum/FSM_onehot_cur_state_reg[2]/Q (HIGH)

 There are 5 register/latch pins with no clock driven by root clock pin: gnss_zynq_i/gnss_top_axi_0/inst/u_gnss_top/u_tracking_engine/u_coherent_sum/FSM_onehot_cur_state_reg[3]/Q (HIGH)

 There are 5 register/latch pins with no clock driven by root clock pin: gnss_zynq_i/gnss_top_axi_0/inst/u_gnss_top/u_tracking_engine/u_coherent_sum/FSM_onehot_cur_state_reg[4]/Q (HIGH)

 There are 4 register/latch pins with no clock driven by root clock pin: gnss_zynq_i/gnss_top_axi_0/inst/u_gnss_top/u_tracking_engine/u_coherent_sum/cur_fifo_sel_reg[0]/Q (HIGH)

 There are 4 register/latch pins with no clock driven by root clock pin: gnss_zynq_i/gnss_top_axi_0/inst/u_gnss_top/u_tracking_engine/u_coherent_sum/cur_fifo_sel_reg[1]/Q (HIGH)

 There are 4 register/latch pins with no clock driven by root clock pin: gnss_zynq_i/gnss_top_axi_0/inst/u_gnss_top/u_tracking_engine/u_coherent_sum/cur_fifo_sel_reg[2]/Q (HIGH)

 There are 4 register/latch pins with no clock driven by root clock pin: gnss_zynq_i/gnss_top_axi_0/inst/u_gnss_top/u_tracking_engine/u_coherent_sum/cur_fifo_sel_reg[3]/Q (HIGH)


2. checking constant_clock (0)
------------------------------
 There are 0 register/latch pins with constant_clock.


3. checking pulse_width_clock (0)
---------------------------------
 There are 0 register/latch pins which need pulse_width check


4. checking unconstrained_internal_endpoints (9)
------------------------------------------------
 There are 9 pins that are not constrained for maximum delay. (HIGH)

 There are 0 pins that are not constrained for maximum delay due to constant clock.


5. checking no_input_delay (1)
------------------------------
 There is 1 input port with no input delay specified. (HIGH)

 There are 0 input ports with no input delay but user has a false path constraint.


6. checking no_output_delay (3)
-------------------------------
 There are 3 ports with no output delay specified. (HIGH)

 There are 0 ports with no output delay but user has a false path constraint

 There are 0 ports with no output delay but with a timing clock defined on it or propagating through it


7. checking multiple_clock (0)
------------------------------
 There are 0 register/latch pins with multiple clocks.


8. checking generated_clocks (0)
--------------------------------
 There are 0 generated clocks that are not connected to a clock source.


9. checking loops (0)
---------------------
 There are 0 combinational loops in the design.


10. checking partial_input_delay (0)
------------------------------------
 There are 0 input ports with partial input delay specified.


11. checking partial_output_delay (0)
-------------------------------------
 There are 0 ports with partial output delay specified.


12. checking latch_loops (0)
----------------------------
 There are 0 combinational latch loops in the design through latch input



------------------------------------------------------------------------------------------------
| Design Timing Summary
| ---------------------
------------------------------------------------------------------------------------------------

    WNS(ns)      TNS(ns)  TNS Failing Endpoints  TNS Total Endpoints      WHS(ns)      THS(ns)  THS Failing Endpoints  THS Total Endpoints     WPWS(ns)     TPWS(ns)  TPWS Failing Endpoints  TPWS Total Endpoints  
    -------      -------  ---------------------  -------------------      -------      -------  ---------------------  -------------------     --------     --------  ----------------------  --------------------  
     -0.503     -157.565                    887                54261        0.044        0.000                      0                54261        3.750        0.000                       0                 21213  


Timing constraints are not met.


------------------------------------------------------------------------------------------------
| Clock Summary
| -------------
------------------------------------------------------------------------------------------------

Clock       Waveform(ns)       Period(ns)      Frequency(MHz)
-----       ------------       ----------      --------------
adc_clk     {0.000 41.666}     83.333          12.000          
clk_fpga_0  {0.000 5.000}      10.000          100.000         


------------------------------------------------------------------------------------------------
| Intra Clock Table
| -----------------
------------------------------------------------------------------------------------------------

Clock             WNS(ns)      TNS(ns)  TNS Failing Endpoints  TNS Total Endpoints      WHS(ns)      THS(ns)  THS Failing Endpoints  THS Total Endpoints     WPWS(ns)     TPWS(ns)  TPWS Failing Endpoints  TPWS Total Endpoints  
-----             -------      -------  ---------------------  -------------------      -------      -------  ---------------------  -------------------     --------     --------  ----------------------  --------------------  
clk_fpga_0         -0.503     -157.565                    887                42266        0.050        0.000                      0                42266        3.750        0.000                       0                 21213  


------------------------------------------------------------------------------------------------
| Inter Clock Table
| -----------------
------------------------------------------------------------------------------------------------

From Clock    To Clock          WNS(ns)      TNS(ns)  TNS Failing Endpoints  TNS Total Endpoints      WHS(ns)      THS(ns)  THS Failing Endpoints  THS Total Endpoints  
----------    --------          -------      -------  ---------------------  -------------------      -------      -------  ---------------------  -------------------  


------------------------------------------------------------------------------------------------
| Other Path Groups Table
| -----------------------
------------------------------------------------------------------------------------------------

Path Group         From Clock         To Clock               WNS(ns)      TNS(ns)  TNS Failing Endpoints  TNS Total Endpoints      WHS(ns)      THS(ns)  THS Failing Endpoints  THS Total Endpoints  
----------         ----------         --------               -------      -------  ---------------------  -------------------      -------      -------  ---------------------  -------------------  
**async_default**  clk_fpga_0         clk_fpga_0               0.101        0.000                      0                11995        0.044        0.000                      0                11995  


------------------------------------------------------------------------------------------------
| Timing Details
| --------------
------------------------------------------------------------------------------------------------


---------------------------------------------------------------------------------------------------
From Clock:  clk_fpga_0
  To Clock:  clk_fpga_0

Setup :          887  Failing Endpoints,  Worst Slack       -0.503ns,  Total Violation     -157.565ns
Hold  :            0  Failing Endpoints,  Worst Slack        0.050ns,  Total Violation        0.000ns
PW    :            0  Failing Endpoints,  Worst Slack        3.750ns,  Total Violation        0.000ns
---------------------------------------------------------------------------------------------------


Max Delay Paths
--------------------------------------------------------------------------------------
Slack (VIOLATED) :        -0.503ns  (required time - arrival time)
  Source:                 gnss_zynq_i/gnss_top_axi_0/inst/u_gnss_top/u_ae_top/u_ae_core/u_noncoh_acc/coh_data_valid_d_reg[4]/C
                            (rising edge-triggered cell FDCE clocked by clk_fpga_0  {rise@0.000ns fall@5.000ns period=10.000ns})
  Destination:            gnss_zynq_i/gnss_top_axi_0/inst/u_gnss_top/u_ae_top/u_ae_core/u_noncoh_acc/freq_index_r_reg[0]/CE
                            (rising edge-triggered cell FDCE clocked by clk_fpga_0  {rise@0.000ns fall@5.000ns period=10.000ns})
  Path Group:             clk_fpga_0
  Path Type:              Setup (Max at Slow Process Corner)
  Requirement:            10.000ns  (clk_fpga_0 rise@10.000ns - clk_fpga_0 rise@0.000ns)
  Data Path Delay:        10.113ns  (logic 4.306ns (42.579%)  route 5.807ns (57.421%))
  Logic Levels:           13  (CARRY4=6 LUT3=3 LUT4=1 LUT6=3)
  Clock Path Skew:        -0.067ns (DCD - SCD + CPR)
    Destination Clock Delay (DCD):    5.444ns = ( 15.444 - 10.000 ) 
    Source Clock Delay      (SCD):    6.028ns
    Clock Pessimism Removal (CPR):    0.517ns
  Clock Uncertainty:      0.154ns  ((TSJ^2 + TIJ^2)^1/2 + DJ) / 2 + PE
    Total System Jitter     (TSJ):    0.071ns
    Total Input Jitter      (TIJ):    0.300ns
    Discrete Jitter          (DJ):    0.000ns
    Phase Error              (PE):    0.000ns

    Location             Delay type                Incr(ns)  Path(ns)    Netlist Resource(s)
  -------------------------------------------------------------------    -------------------
                         (clock clk_fpga_0 rise edge)
                                                      0.000     0.000 r  
    PS7_X0Y0             PS7                          0.000     0.000 r  gnss_zynq_i/processing_system7_0/inst/PS7_i/FCLKCLK[0]
                         net (fo=1, routed)           1.193     1.193    gnss_zynq_i/processing_system7_0/inst/FCLK_CLK_unbuffered[0]
    BUFGCTRL_X0Y16       BUFG (Prop_bufg_I_O)         0.101     1.294 r  gnss_zynq_i/processing_system7_0/inst/buffer_fclk_clk_0.FCLK_CLK_0_BUFG/O
                         net (fo=5798, routed)        2.811     4.105    gnss_zynq_i/gnss_top_axi_0/inst/u_gnss_top/u_ae_top/u_ae_core/u_gated_clock/S_AXI_ACLK
    BUFGCTRL_X0Y0        BUFGCTRL (Prop_bufgctrl_I0_O)
                                                      0.101     4.206 r  gnss_zynq_i/gnss_top_axi_0/inst/u_gnss_top/u_ae_top/u_ae_core/u_gated_clock/u_bufgce/O
                         net (fo=10667, routed)       1.822     6.028    gnss_zynq_i/gnss_top_axi_0/inst/u_gnss_top/u_ae_top/u_ae_core/u_noncoh_acc/min_abs_reg[8]
    SLICE_X1Y20          FDCE                                         r  gnss_zynq_i/gnss_top_axi_0/inst/u_gnss_top/u_ae_top/u_ae_core/u_noncoh_acc/coh_data_valid_d_reg[4]/C
  -------------------------------------------------------------------    -------------------
    SLICE_X1Y20          FDCE (Prop_fdce_C_Q)         0.456     6.484 r  gnss_zynq_i/gnss_top_axi_0/inst/u_gnss_top/u_ae_top/u_ae_core/u_noncoh_acc/coh_data_valid_d_reg[4]/Q
                         net (fo=111, routed)         1.048     7.532    gnss_zynq_i/gnss_top_axi_0/inst/u_gnss_top/u_ae_top/u_ae_core/u_noncoh_acc/u_amp_compare/freq_index_r_reg[0][0]
    SLICE_X6Y20          LUT3 (Prop_lut3_I2_O)        0.124     7.656 f  gnss_zynq_i/gnss_top_axi_0/inst/u_gnss_top/u_ae_top/u_ae_core/u_noncoh_acc/u_amp_compare/cmp11_carry_i_19/O
                         net (fo=1, routed)           0.755     8.411    gnss_zynq_i/gnss_top_axi_0/inst/u_gnss_top/u_ae_top/u_ae_core/u_noncoh_acc/u_amp_compare/cmp11_carry_i_19_n_0
    SLICE_X5Y20          LUT6 (Prop_lut6_I4_O)        0.124     8.535 r  gnss_zynq_i/gnss_top_axi_0/inst/u_gnss_top/u_ae_top/u_ae_core/u_noncoh_acc/u_amp_compare/cmp11_carry_i_4/O
                         net (fo=1, routed)           0.330     8.865    gnss_zynq_i/gnss_top_axi_0/inst/u_gnss_top/u_ae_top/u_ae_core/u_noncoh_acc/u_amp_compare/cmp11_carry_i_4_n_0
    SLICE_X4Y19          CARRY4 (Prop_carry4_DI[0]_CO[3])
                                                      0.550     9.415 r  gnss_zynq_i/gnss_top_axi_0/inst/u_gnss_top/u_ae_top/u_ae_core/u_noncoh_acc/u_amp_compare/cmp11_carry/CO[3]
                         net (fo=1, routed)           0.000     9.415    gnss_zynq_i/gnss_top_axi_0/inst/u_gnss_top/u_ae_top/u_ae_core/u_noncoh_acc/u_amp_compare/cmp11_carry_n_0
    SLICE_X4Y20          CARRY4 (Prop_carry4_CI_CO[0])
                                                      0.254     9.669 r  gnss_zynq_i/gnss_top_axi_0/inst/u_gnss_top/u_ae_top/u_ae_core/u_noncoh_acc/u_amp_compare/cmp11_carry__0/CO[0]
                         net (fo=10, routed)          0.670    10.340    gnss_zynq_i/gnss_top_axi_0/inst/u_gnss_top/u_ae_top/u_ae_core/u_noncoh_acc/u_amp_compare/cmp11
    SLICE_X0Y20          LUT6 (Prop_lut6_I2_O)        0.367    10.707 r  gnss_zynq_i/gnss_top_axi_0/inst/u_gnss_top/u_ae_top/u_ae_core/u_noncoh_acc/u_amp_compare/max_amp_r[2]_i_3/O
                         net (fo=5, routed)           0.900    11.606    gnss_zynq_i/gnss_top_axi_0/inst/u_gnss_top/u_ae_top/u_ae_core/u_noncoh_acc/u_amp_compare/max_amp_r[2]_i_3_n_0
    SLICE_X4Y21          LUT4 (Prop_lut4_I1_O)        0.124    11.730 r  gnss_zynq_i/gnss_top_axi_0/inst/u_gnss_top/u_ae_top/u_ae_core/u_noncoh_acc/u_amp_compare/max_amp1_carry_i_7/O
                         net (fo=1, routed)           0.000    11.730    gnss_zynq_i/gnss_top_axi_0/inst/u_gnss_top/u_ae_top/u_ae_core/u_noncoh_acc/u_amp_compare/max_amp1_carry_i_7_n_0
    SLICE_X4Y21          CARRY4 (Prop_carry4_S[1]_CO[3])
                                                      0.533    12.263 r  gnss_zynq_i/gnss_top_axi_0/inst/u_gnss_top/u_ae_top/u_ae_core/u_noncoh_acc/u_amp_compare/max_amp1_carry/CO[3]
                         net (fo=1, routed)           0.000    12.263    gnss_zynq_i/gnss_top_axi_0/inst/u_gnss_top/u_ae_top/u_ae_core/u_noncoh_acc/u_amp_compare/max_amp1_carry_n_0
    SLICE_X4Y22          CARRY4 (Prop_carry4_CI_CO[0])
                                                      0.254    12.517 r  gnss_zynq_i/gnss_top_axi_0/inst/u_gnss_top/u_ae_top/u_ae_core/u_noncoh_acc/u_amp_compare/max_amp1_carry__0/CO[0]
                         net (fo=21, routed)          0.357    12.874    gnss_zynq_i/gnss_top_axi_0/inst/u_gnss_top/u_ae_top/u_ae_core/u_noncoh_acc/u_amp_compare/CO[0]
    SLICE_X3Y22          LUT3 (Prop_lut3_I2_O)        0.367    13.241 r  gnss_zynq_i/gnss_top_axi_0/inst/u_gnss_top/u_ae_top/u_ae_core/u_noncoh_acc/u_amp_compare/max_amp_r[7]_i_1/O
                         net (fo=3, routed)           0.710    13.951    gnss_zynq_i/gnss_top_axi_0/inst/u_gnss_top/u_ae_top/u_ae_core/u_noncoh_acc/u_amp_compare/D[7]
    SLICE_X5Y24          LUT6 (Prop_lut6_I5_O)        0.124    14.075 r  gnss_zynq_i/gnss_top_axi_0/inst/u_gnss_top/u_ae_top/u_ae_core/u_noncoh_acc/u_amp_compare/max_amp_r[8]_i_9/O
                         net (fo=1, routed)           0.338    14.413    gnss_zynq_i/gnss_top_axi_0/inst/u_gnss_top/u_ae_top/u_ae_core/u_noncoh_acc/u_amp_compare/max_amp_r[8]_i_9_n_0
    SLICE_X7Y23          CARRY4 (Prop_carry4_DI[3]_CO[3])
                                                      0.385    14.798 r  gnss_zynq_i/gnss_top_axi_0/inst/u_gnss_top/u_ae_top/u_ae_core/u_noncoh_acc/u_amp_compare/max_amp_r_reg[8]_i_6/CO[3]
                         net (fo=1, routed)           0.000    14.798    gnss_zynq_i/gnss_top_axi_0/inst/u_gnss_top/u_ae_top/u_ae_core/u_noncoh_acc/u_amp_compare/max_amp_r_reg[8]_i_6_n_0
    SLICE_X7Y24          CARRY4 (Prop_carry4_CI_CO[0])
                                                      0.271    15.069 r  gnss_zynq_i/gnss_top_axi_0/inst/u_gnss_top/u_ae_top/u_ae_core/u_noncoh_acc/u_amp_compare/max_amp_r_reg[8]_i_3/CO[0]
                         net (fo=1, routed)           0.323    15.392    gnss_zynq_i/gnss_top_axi_0/inst/u_gnss_top/u_ae_top/u_ae_core/u_noncoh_acc/u_amp_compare/max_amp_r_reg[8]_i_3_n_3
    SLICE_X7Y25          LUT3 (Prop_lut3_I1_O)        0.373    15.765 r  gnss_zynq_i/gnss_top_axi_0/inst/u_gnss_top/u_ae_top/u_ae_core/u_noncoh_acc/u_amp_compare/max_amp_r[8]_i_1/O
                         net (fo=12, routed)          0.376    16.141    gnss_zynq_i/gnss_top_axi_0/inst/u_gnss_top/u_ae_top/u_ae_core/u_noncoh_acc/freq_index_r[0]
    SLICE_X6Y23          FDCE                                         r  gnss_zynq_i/gnss_top_axi_0/inst/u_gnss_top/u_ae_top/u_ae_core/u_noncoh_acc/freq_index_r_reg[0]/CE
  -------------------------------------------------------------------    -------------------

                         (clock clk_fpga_0 rise edge)
                                                     10.000    10.000 r  
    PS7_X0Y0             PS7                          0.000    10.000 r  gnss_zynq_i/processing_system7_0/inst/PS7_i/FCLKCLK[0]
                         net (fo=1, routed)           1.088    11.088    gnss_zynq_i/processing_system7_0/inst/FCLK_CLK_unbuffered[0]
    BUFGCTRL_X0Y16       BUFG (Prop_bufg_I_O)         0.091    11.179 r  gnss_zynq_i/processing_system7_0/inst/buffer_fclk_clk_0.FCLK_CLK_0_BUFG/O
                         net (fo=5798, routed)        2.533    13.713    gnss_zynq_i/gnss_top_axi_0/inst/u_gnss_top/u_ae_top/u_ae_core/u_gated_clock/S_AXI_ACLK
    BUFGCTRL_X0Y0        BUFGCTRL (Prop_bufgctrl_I0_O)
                                                      0.091    13.804 r  gnss_zynq_i/gnss_top_axi_0/inst/u_gnss_top/u_ae_top/u_ae_core/u_gated_clock/u_bufgce/O
                         net (fo=10667, routed)       1.640    15.444    gnss_zynq_i/gnss_top_axi_0/inst/u_gnss_top/u_ae_top/u_ae_core/u_noncoh_acc/min_abs_reg[8]
    SLICE_X6Y23          FDCE                                         r  gnss_zynq_i/gnss_top_axi_0/inst/u_gnss_top/u_ae_top/u_ae_core/u_noncoh_acc/freq_index_r_reg[0]/C
                         clock pessimism              0.517    15.961    
                         clock uncertainty           -0.154    15.807    
    SLICE_X6Y23          FDCE (Setup_fdce_C_CE)      -0.169    15.638    gnss_zynq_i/gnss_top_axi_0/inst/u_gnss_top/u_ae_top/u_ae_core/u_noncoh_acc/freq_index_r_reg[0]
  -------------------------------------------------------------------
                         required time                         15.638    
                         arrival time                         -16.141    
  -------------------------------------------------------------------
                         slack                                 -0.503    





Min Delay Paths
--------------------------------------------------------------------------------------
Slack (MET) :             0.050ns  (arrival time - required time)
  Source:                 gnss_zynq_i/gnss_top_axi_0/inst/u_gnss_top/u_ae_top/u_rate_adaptor/filter_buffer_i_reg[0][5]/C
                            (rising edge-triggered cell FDCE clocked by clk_fpga_0  {rise@0.000ns fall@5.000ns period=10.000ns})
  Destination:            gnss_zynq_i/gnss_top_axi_0/inst/u_gnss_top/u_ae_top/u_rate_adaptor/buffer_gen_i[1].filter_buffer_i_reg[1][5]/D
                            (rising edge-triggered cell FDCE clocked by clk_fpga_0  {rise@0.000ns fall@5.000ns period=10.000ns})
  Path Group:             clk_fpga_0
  Path Type:              Hold (Min at Fast Process Corner)
  Requirement:            0.000ns  (clk_fpga_0 rise@0.000ns - clk_fpga_0 rise@0.000ns)
  Data Path Delay:        0.383ns  (logic 0.141ns (36.849%)  route 0.242ns (63.151%))
  Logic Levels:           0  
  Clock Path Skew:        0.262ns (DCD - SCD - CPR)
    Destination Clock Delay (DCD):    1.187ns
    Source Clock Delay      (SCD):    0.895ns
    Clock Pessimism Removal (CPR):    0.030ns

    Location             Delay type                Incr(ns)  Path(ns)    Netlist Resource(s)
  -------------------------------------------------------------------    -------------------
                         (clock clk_fpga_0 rise edge)
                                                      0.000     0.000 r  
    PS7_X0Y0             PS7                          0.000     0.000 r  gnss_zynq_i/processing_system7_0/inst/PS7_i/FCLKCLK[0]
                         net (fo=1, routed)           0.310     0.310    gnss_zynq_i/processing_system7_0/inst/FCLK_CLK_unbuffered[0]
    BUFGCTRL_X0Y16       BUFG (Prop_bufg_I_O)         0.026     0.336 r  gnss_zynq_i/processing_system7_0/inst/buffer_fclk_clk_0.FCLK_CLK_0_BUFG/O
                         net (fo=5798, routed)        0.559     0.895    gnss_zynq_i/gnss_top_axi_0/inst/u_gnss_top/u_ae_top/u_rate_adaptor/S_AXI_ACLK
    SLICE_X51Y47         FDCE                                         r  gnss_zynq_i/gnss_top_axi_0/inst/u_gnss_top/u_ae_top/u_rate_adaptor/filter_buffer_i_reg[0][5]/C
  -------------------------------------------------------------------    -------------------
    SLICE_X51Y47         FDCE (Prop_fdce_C_Q)         0.141     1.036 r  gnss_zynq_i/gnss_top_axi_0/inst/u_gnss_top/u_ae_top/u_rate_adaptor/filter_buffer_i_reg[0][5]/Q
                         net (fo=2, routed)           0.242     1.277    gnss_zynq_i/gnss_top_axi_0/inst/u_gnss_top/u_ae_top/u_rate_adaptor/filter_buffer_i_reg[0]_478[5]
    SLICE_X51Y52         FDCE                                         r  gnss_zynq_i/gnss_top_axi_0/inst/u_gnss_top/u_ae_top/u_rate_adaptor/buffer_gen_i[1].filter_buffer_i_reg[1][5]/D
  -------------------------------------------------------------------    -------------------

                         (clock clk_fpga_0 rise edge)
                                                      0.000     0.000 r  
    PS7_X0Y0             PS7                          0.000     0.000 r  gnss_zynq_i/processing_system7_0/inst/PS7_i/FCLKCLK[0]
                         net (fo=1, routed)           0.337     0.337    gnss_zynq_i/processing_system7_0/inst/FCLK_CLK_unbuffered[0]
    BUFGCTRL_X0Y16       BUFG (Prop_bufg_I_O)         0.029     0.366 r  gnss_zynq_i/processing_system7_0/inst/buffer_fclk_clk_0.FCLK_CLK_0_BUFG/O
                         net (fo=5798, routed)        0.821     1.187    gnss_zynq_i/gnss_top_axi_0/inst/u_gnss_top/u_ae_top/u_rate_adaptor/S_AXI_ACLK
    SLICE_X51Y52         FDCE                                         r  gnss_zynq_i/gnss_top_axi_0/inst/u_gnss_top/u_ae_top/u_rate_adaptor/buffer_gen_i[1].filter_buffer_i_reg[1][5]/C
                         clock pessimism             -0.030     1.157    
    SLICE_X51Y52         FDCE (Hold_fdce_C_D)         0.070     1.227    gnss_zynq_i/gnss_top_axi_0/inst/u_gnss_top/u_ae_top/u_rate_adaptor/buffer_gen_i[1].filter_buffer_i_reg[1][5]
  -------------------------------------------------------------------
                         required time                         -1.227    
                         arrival time                           1.277    
  -------------------------------------------------------------------
                         slack                                  0.050    





Pulse Width Checks
--------------------------------------------------------------------------------------
Clock Name:         clk_fpga_0
Waveform(ns):       { 0.000 5.000 }
Period(ns):         10.000
Sources:            { gnss_zynq_i/processing_system7_0/inst/PS7_i/FCLKCLK[0] }

Check Type        Corner  Lib Pin             Reference Pin  Required(ns)  Actual(ns)  Slack(ns)  Location      Pin
Min Period        n/a     RAMB36E1/CLKARDCLK  n/a            2.944         10.000      7.056      RAMB36_X0Y9   gnss_zynq_i/gnss_top_axi_0/inst/u_gnss_top/u_ae_top/ae_config_buffer/u_ram/mem_reg/CLKARDCLK
Low Pulse Width   Slow    RAMD32/CLK          n/a            1.250         5.000       3.750      SLICE_X42Y76  gnss_zynq_i/gnss_top_axi_0/inst/u_gnss_top/u_tracking_engine/coherent_fifo_gen[0].u_coherent_fifo_inst/mem_reg_0_7_0_5/RAMA/CLK
High Pulse Width  Slow    RAMD32/CLK          n/a            1.250         5.000       3.750      SLICE_X42Y76  gnss_zynq_i/gnss_top_axi_0/inst/u_gnss_top/u_tracking_engine/coherent_fifo_gen[0].u_coherent_fifo_inst/mem_reg_0_7_0_5/RAMA/CLK



---------------------------------------------------------------------------------------------------
Path Group:  **async_default**
From Clock:  clk_fpga_0
  To Clock:  clk_fpga_0

Setup :            0  Failing Endpoints,  Worst Slack        0.101ns,  Total Violation        0.000ns
Hold  :            0  Failing Endpoints,  Worst Slack        0.044ns,  Total Violation        0.000ns
---------------------------------------------------------------------------------------------------


Max Delay Paths
--------------------------------------------------------------------------------------
Slack (MET) :             0.101ns  (required time - arrival time)
  Source:                 gnss_zynq_i/axi_smc_0/inst/m00_exit_pipeline/m00_exit/inst/areset_reg/C
                            (rising edge-triggered cell FDRE clocked by clk_fpga_0  {rise@0.000ns fall@5.000ns period=10.000ns})
  Destination:            gnss_zynq_i/gnss_top_axi_0/inst/u_gnss_top/u_tracking_engine/fill_state_gen[2].u_fill_state/prn_config_reg[30]/CLR
                            (recovery check against rising-edge clock clk_fpga_0  {rise@0.000ns fall@5.000ns period=10.000ns})
  Path Group:             **async_default**
  Path Type:              Recovery (Max at Slow Process Corner)
  Requirement:            10.000ns  (clk_fpga_0 rise@10.000ns - clk_fpga_0 rise@0.000ns)
  Data Path Delay:        9.370ns  (logic 1.366ns (14.578%)  route 8.004ns (85.422%))
  Logic Levels:           5  (LUT2=1 LUT5=2 LUT6=2)
  Clock Path Skew:        0.030ns (DCD - SCD + CPR)
    Destination Clock Delay (DCD):    2.883ns = ( 12.883 - 10.000 ) 
    Source Clock Delay      (SCD):    2.982ns
    Clock Pessimism Removal (CPR):    0.129ns
  Clock Uncertainty:      0.154ns  ((TSJ^2 + TIJ^2)^1/2 + DJ) / 2 + PE
    Total System Jitter     (TSJ):    0.071ns
    Total Input Jitter      (TIJ):    0.300ns
    Discrete Jitter          (DJ):    0.000ns
    Phase Error              (PE):    0.000ns

    Location             Delay type                Incr(ns)  Path(ns)    Netlist Resource(s)
  -------------------------------------------------------------------    -------------------
                         (clock clk_fpga_0 rise edge)
                                                      0.000     0.000 r  
    PS7_X0Y0             PS7                          0.000     0.000 r  gnss_zynq_i/processing_system7_0/inst/PS7_i/FCLKCLK[0]
                         net (fo=1, routed)           1.193     1.193    gnss_zynq_i/processing_system7_0/inst/FCLK_CLK_unbuffered[0]
    BUFGCTRL_X0Y16       BUFG (Prop_bufg_I_O)         0.101     1.294 r  gnss_zynq_i/processing_system7_0/inst/buffer_fclk_clk_0.FCLK_CLK_0_BUFG/O
                         net (fo=5798, routed)        1.688     2.982    gnss_zynq_i/axi_smc_0/inst/m00_exit_pipeline/m00_exit/inst/aclk
    SLICE_X26Y65         FDRE                                         r  gnss_zynq_i/axi_smc_0/inst/m00_exit_pipeline/m00_exit/inst/areset_reg/C
  -------------------------------------------------------------------    -------------------
    SLICE_X26Y65         FDRE (Prop_fdre_C_Q)         0.518     3.500 f  gnss_zynq_i/axi_smc_0/inst/m00_exit_pipeline/m00_exit/inst/areset_reg/Q
                         net (fo=10, routed)          0.605     4.105    gnss_zynq_i/axi_smc_0/inst/m00_exit_pipeline/m00_exit/inst/areset
    SLICE_X28Y65         LUT2 (Prop_lut2_I1_O)        0.150     4.255 r  gnss_zynq_i/axi_smc_0/inst/m00_exit_pipeline/m00_exit/inst/m_axi_wvalid_INST_0/O
                         net (fo=7, routed)           0.698     4.953    gnss_zynq_i/gnss_top_axi_0/inst/u_gnss_top/u_te_fifo/S_AXI_WVALID
    SLICE_X32Y65         LUT6 (Prop_lut6_I3_O)        0.326     5.279 r  gnss_zynq_i/gnss_top_axi_0/inst/u_gnss_top/u_te_fifo/S_AXI_BVALID_i_2/O
                         net (fo=40, routed)          0.739     6.018    gnss_zynq_i/gnss_top_axi_0/inst/u_gnss_top/u_tracking_engine/u_noise_calc/te_wr
    SLICE_X32Y67         LUT5 (Prop_lut5_I3_O)        0.124     6.142 r  gnss_zynq_i/gnss_top_axi_0/inst/u_gnss_top/u_tracking_engine/u_noise_calc/mem_reg_i_7__0/O
                         net (fo=207, routed)         1.183     7.325    gnss_zynq_i/gnss_top_axi_0/inst/u_gnss_top/u_te_fifo/host_addr[0]
    SLICE_X36Y70         LUT5 (Prop_lut5_I0_O)        0.124     7.449 f  gnss_zynq_i/gnss_top_axi_0/inst/u_gnss_top/u_te_fifo/fifo_block_adjust[7]_i_10_comp/O
                         net (fo=1, routed)           1.206     8.656    gnss_zynq_i/gnss_top_axi_0/inst/u_gnss_top/u_tracking_engine/correlator_gen[1].u_correlator/u_prn_code/weil_prn2/S_AXI_AWVALID_1_repN_alias
    SLICE_X50Y74         LUT6 (Prop_lut6_I1_O)        0.124     8.780 f  gnss_zynq_i/gnss_top_axi_0/inst/u_gnss_top/u_tracking_engine/correlator_gen[1].u_correlator/u_prn_code/weil_prn2/carrier_phase_r[31]_i_8_comp/O
                         net (fo=6740, routed)        3.573    12.352    gnss_zynq_i/gnss_top_axi_0/inst/u_gnss_top/u_tracking_engine/fill_state_gen[2].u_fill_state/decode_data_en_reg_1
    SLICE_X67Y119        FDCE                                         f  gnss_zynq_i/gnss_top_axi_0/inst/u_gnss_top/u_tracking_engine/fill_state_gen[2].u_fill_state/prn_config_reg[30]/CLR
  -------------------------------------------------------------------    -------------------

                         (clock clk_fpga_0 rise edge)
                                                     10.000    10.000 r  
    PS7_X0Y0             PS7                          0.000    10.000 r  gnss_zynq_i/processing_system7_0/inst/PS7_i/FCLKCLK[0]
                         net (fo=1, routed)           1.088    11.088    gnss_zynq_i/processing_system7_0/inst/FCLK_CLK_unbuffered[0]
    BUFGCTRL_X0Y16       BUFG (Prop_bufg_I_O)         0.091    11.179 r  gnss_zynq_i/processing_system7_0/inst/buffer_fclk_clk_0.FCLK_CLK_0_BUFG/O
                         net (fo=5798, routed)        1.704    12.883    gnss_zynq_i/gnss_top_axi_0/inst/u_gnss_top/u_tracking_engine/fill_state_gen[2].u_fill_state/S_AXI_ACLK
    SLICE_X67Y119        FDCE                                         r  gnss_zynq_i/gnss_top_axi_0/inst/u_gnss_top/u_tracking_engine/fill_state_gen[2].u_fill_state/prn_config_reg[30]/C
                         clock pessimism              0.129    13.012    
                         clock uncertainty           -0.154    12.858    
    SLICE_X67Y119        FDCE (Recov_fdce_C_CLR)     -0.405    12.453    gnss_zynq_i/gnss_top_axi_0/inst/u_gnss_top/u_tracking_engine/fill_state_gen[2].u_fill_state/prn_config_reg[30]
  -------------------------------------------------------------------
                         required time                         12.453    
                         arrival time                         -12.352    
  -------------------------------------------------------------------
                         slack                                  0.101    





Min Delay Paths
--------------------------------------------------------------------------------------
Slack (MET) :             0.044ns  (arrival time - required time)
  Source:                 gnss_zynq_i/proc_sys_reset_0/U0/ACTIVE_LOW_PR_OUT_DFF[0].FDRE_PER_N/C
                            (rising edge-triggered cell FDRE clocked by clk_fpga_0  {rise@0.000ns fall@5.000ns period=10.000ns})
  Destination:            gnss_zynq_i/gnss_top_axi_0/inst/u_gnss_top/u_ae_top/u_ae_core/u_read_sample/sample_out_valid_reg/CLR
                            (removal check against rising-edge clock clk_fpga_0  {rise@0.000ns fall@5.000ns period=10.000ns})
  Path Group:             **async_default**
  Path Type:              Removal (Min at Slow Process Corner)
  Requirement:            0.000ns  (clk_fpga_0 rise@0.000ns - clk_fpga_0 rise@0.000ns)
  Data Path Delay:        2.969ns  (logic 0.467ns (15.728%)  route 2.502ns (84.272%))
  Logic Levels:           1  (LUT6=1)
  Clock Path Skew:        3.133ns (DCD - SCD - CPR)
    Destination Clock Delay (DCD):    5.942ns
    Source Clock Delay      (SCD):    2.694ns
    Clock Pessimism Removal (CPR):    0.115ns

    Location             Delay type                Incr(ns)  Path(ns)    Netlist Resource(s)
  -------------------------------------------------------------------    -------------------
                         (clock clk_fpga_0 rise edge)
                                                      0.000     0.000 r  
    PS7_X0Y0             PS7                          0.000     0.000 r  gnss_zynq_i/processing_system7_0/inst/PS7_i/FCLKCLK[0]
                         net (fo=1, routed)           1.088     1.088    gnss_zynq_i/processing_system7_0/inst/FCLK_CLK_unbuffered[0]
    BUFGCTRL_X0Y16       BUFG (Prop_bufg_I_O)         0.091     1.179 r  gnss_zynq_i/processing_system7_0/inst/buffer_fclk_clk_0.FCLK_CLK_0_BUFG/O
                         net (fo=5798, routed)        1.515     2.694    gnss_zynq_i/proc_sys_reset_0/U0/slowest_sync_clk
    SLICE_X28Y68         FDRE                                         r  gnss_zynq_i/proc_sys_reset_0/U0/ACTIVE_LOW_PR_OUT_DFF[0].FDRE_PER_N/C
  -------------------------------------------------------------------    -------------------
    SLICE_X28Y68         FDRE (Prop_fdre_C_Q)         0.367     3.061 r  gnss_zynq_i/proc_sys_reset_0/U0/ACTIVE_LOW_PR_OUT_DFF[0].FDRE_PER_N/Q
                         net (fo=5, routed)           1.093     4.154    gnss_zynq_i/gnss_top_axi_0/inst/u_gnss_top/u_ae_top/u_ae_core/u_coh_acc/u1_coh_sum_pair/S_AXI_ARESETN
    SLICE_X41Y63         LUT6 (Prop_lut6_I0_O)        0.100     4.254 f  gnss_zynq_i/gnss_top_axi_0/inst/u_gnss_top/u_ae_top/u_ae_core/u_coh_acc/u1_coh_sum_pair/add_tree_latch[1].adder31_out_r[1][4]_i_9__4/O
                         net (fo=4245, routed)        1.409     5.663    gnss_zynq_i/gnss_top_axi_0/inst/u_gnss_top/u_ae_top/u_ae_core/u_read_sample/last_input_i_reg[5]_0
    SLICE_X29Y33         FDCE                                         f  gnss_zynq_i/gnss_top_axi_0/inst/u_gnss_top/u_ae_top/u_ae_core/u_read_sample/sample_out_valid_reg/CLR
  -------------------------------------------------------------------    -------------------

                         (clock clk_fpga_0 rise edge)
                                                      0.000     0.000 r  
    PS7_X0Y0             PS7                          0.000     0.000 r  gnss_zynq_i/processing_system7_0/inst/PS7_i/FCLKCLK[0]
                         net (fo=1, routed)           1.193     1.193    gnss_zynq_i/processing_system7_0/inst/FCLK_CLK_unbuffered[0]
    BUFGCTRL_X0Y16       BUFG (Prop_bufg_I_O)         0.101     1.294 r  gnss_zynq_i/processing_system7_0/inst/buffer_fclk_clk_0.FCLK_CLK_0_BUFG/O
                         net (fo=5798, routed)        2.811     4.105    gnss_zynq_i/gnss_top_axi_0/inst/u_gnss_top/u_ae_top/u_ae_core/u_gated_clock/S_AXI_ACLK
    BUFGCTRL_X0Y0        BUFGCTRL (Prop_bufgctrl_I0_O)
                                                      0.101     4.206 r  gnss_zynq_i/gnss_top_axi_0/inst/u_gnss_top/u_ae_top/u_ae_core/u_gated_clock/u_bufgce/O
                         net (fo=10667, routed)       1.736     5.942    gnss_zynq_i/gnss_top_axi_0/inst/u_gnss_top/u_ae_top/u_ae_core/u_read_sample/prev_input_valid_reg_0
    SLICE_X29Y33         FDCE                                         r  gnss_zynq_i/gnss_top_axi_0/inst/u_gnss_top/u_ae_top/u_ae_core/u_read_sample/sample_out_valid_reg/C
                         clock pessimism             -0.115     5.827    
    SLICE_X29Y33         FDCE (Remov_fdce_C_CLR)     -0.208     5.619    gnss_zynq_i/gnss_top_axi_0/inst/u_gnss_top/u_ae_top/u_ae_core/u_read_sample/sample_out_valid_reg
  -------------------------------------------------------------------
                         required time                         -5.619    
                         arrival time                           5.663    
  -------------------------------------------------------------------
                         slack                                  0.044    





